2020-04-12 21:28:40,080 INFO o.a.j.u.JMeterUtils: Setting Locale to en_EN
2020-04-12 21:28:40,132 INFO o.a.j.JMeter: Loading user properties from: C:\Users\admin\Desktop\Downloads\apache-jmeter-4.0\apache-jmeter-4.0\bin\user.properties
2020-04-12 21:28:40,133 INFO o.a.j.JMeter: Loading system properties from: C:\Users\admin\Desktop\Downloads\apache-jmeter-4.0\apache-jmeter-4.0\bin\system.properties
2020-04-12 21:28:40,147 INFO o.a.j.JMeter: Copyright (c) 1998-2018 The Apache Software Foundation
2020-04-12 21:28:40,147 INFO o.a.j.JMeter: Version 4.0 r1823414
2020-04-12 21:28:40,147 INFO o.a.j.JMeter: java.version=10
2020-04-12 21:28:40,148 INFO o.a.j.JMeter: java.vm.name=Java HotSpot(TM) 64-Bit Server VM
2020-04-12 21:28:40,148 INFO o.a.j.JMeter: os.name=Windows 10
2020-04-12 21:28:40,148 INFO o.a.j.JMeter: os.arch=amd64
2020-04-12 21:28:40,148 INFO o.a.j.JMeter: os.version=10.0
2020-04-12 21:28:40,148 INFO o.a.j.JMeter: file.encoding=GBK
2020-04-12 21:28:40,148 INFO o.a.j.JMeter: Max memory     =1073741824
2020-04-12 21:28:40,149 INFO o.a.j.JMeter: Available Processors =4
2020-04-12 21:28:40,168 INFO o.a.j.JMeter: Default Locale=English (EN)
2020-04-12 21:28:40,168 INFO o.a.j.JMeter: JMeter  Locale=English (EN)
2020-04-12 21:28:40,168 INFO o.a.j.JMeter: JMeterHome=C:\Users\admin\Desktop\Downloads\apache-jmeter-4.0\apache-jmeter-4.0
2020-04-12 21:28:40,168 INFO o.a.j.JMeter: user.dir  =D:\jmeterSampleTest\bulid
2020-04-12 21:28:40,169 INFO o.a.j.JMeter: PWD       =D:\jmeterSampleTest\bulid
2020-04-12 21:28:40,171 INFO o.a.j.JMeter: IP: 192.168.1.11 Name: DESKTOP-CA86BSJ FullName: DESKTOP-CA86BSJ
2020-04-12 21:28:40,627 INFO o.a.j.g.a.LookAndFeelCommand: Installing Darcula LAF
2020-04-12 21:28:40,637 INFO o.a.j.g.a.LookAndFeelCommand: Using look and feel: javax.swing.plaf.nimbus.NimbusLookAndFeel [Darcula]
2020-04-12 21:28:40,637 INFO o.a.j.JMeter: Setting LAF to: javax.swing.plaf.nimbus.NimbusLookAndFeel
2020-04-12 21:28:40,742 INFO o.a.j.JMeter: Loaded icon properties from org/apache/jmeter/images/icon.properties
2020-04-12 21:28:41,624 INFO o.a.j.e.u.CompoundVariable: Note: Function class names must contain the string: '.functions.'
2020-04-12 21:28:41,624 INFO o.a.j.e.u.CompoundVariable: Note: Function class names must not contain the string: '.gui.'
2020-04-12 21:28:43,902 INFO o.j.r.JARSourceHTTP: Found cached repo
2020-04-12 21:28:44,229 INFO o.j.r.PluginManager: Plugins Status: [jpgc-plugins-manager=1.3, jmeter-core=4.0, jmeter-ftp=4.0, jmeter-http=4.0, jmeter-jdbc=4.0, jmeter-jms=4.0, jmeter-junit=4.0, jmeter-java=4.0, jmeter-ldap=4.0, jmeter-mail=4.0, jmeter-mongodb=4.0, jmeter-native=4.0, jmeter-tcp=4.0, jmeter-components=4.0]
2020-04-12 21:28:44,249 INFO o.j.r.PluginManagerMenuItem: Plugins Manager has upgrades: [jpgc-plugins-manager]
2020-04-12 21:28:45,717 INFO o.a.j.p.h.s.HTTPSamplerBase: Parser for text/html is org.apache.jmeter.protocol.http.parser.LagartoBasedHtmlParser
2020-04-12 21:28:45,717 INFO o.a.j.p.h.s.HTTPSamplerBase: Parser for application/xhtml+xml is org.apache.jmeter.protocol.http.parser.LagartoBasedHtmlParser
2020-04-12 21:28:45,718 INFO o.a.j.p.h.s.HTTPSamplerBase: Parser for application/xml is org.apache.jmeter.protocol.http.parser.LagartoBasedHtmlParser
2020-04-12 21:28:45,718 INFO o.a.j.p.h.s.HTTPSamplerBase: Parser for text/xml is org.apache.jmeter.protocol.http.parser.LagartoBasedHtmlParser
2020-04-12 21:28:45,718 INFO o.a.j.p.h.s.HTTPSamplerBase: Parser for text/vnd.wap.wml is org.apache.jmeter.protocol.http.parser.RegexpHTMLParser
2020-04-12 21:28:45,718 INFO o.a.j.p.h.s.HTTPSamplerBase: Parser for text/css is org.apache.jmeter.protocol.http.parser.CssParser
2020-04-12 21:28:46,974 INFO o.a.j.e.KeyToolUtils: keytool found at 'keytool'
2020-04-12 21:28:46,975 INFO o.a.j.p.h.p.ProxyControl: HTTP(S) Test Script Recorder SSL Proxy will use keys that support embedded 3rd party resources in file C:\Users\admin\Desktop\Downloads\apache-jmeter-4.0\apache-jmeter-4.0\bin\proxyserver.jks
2020-04-12 21:28:47,296 INFO o.a.j.s.FileServer: Default base='D:\jmeterSampleTest\bulid'
2020-04-12 21:28:48,666 INFO o.a.j.s.SampleResult: Note: Sample TimeStamps are START times
2020-04-12 21:28:48,667 INFO o.a.j.s.SampleResult: sampleresult.default.encoding is set to ISO-8859-1
2020-04-12 21:28:48,667 INFO o.a.j.s.SampleResult: sampleresult.useNanoTime=true
2020-04-12 21:28:48,667 INFO o.a.j.s.SampleResult: sampleresult.nanoThreadSleep=5000
2020-04-12 21:28:50,104 WARN o.j.r.h.StatsReporter: Failed to send repo stats
java.net.SocketTimeoutException: connect timed out
	at java.net.DualStackPlainSocketImpl.waitForConnect(Native Method) ~[?:?]
	at java.net.DualStackPlainSocketImpl.socketConnect(Unknown Source) ~[?:?]
	at java.net.AbstractPlainSocketImpl.doConnect(Unknown Source) ~[?:?]
	at java.net.AbstractPlainSocketImpl.connectToAddress(Unknown Source) ~[?:?]
	at java.net.AbstractPlainSocketImpl.connect(Unknown Source) ~[?:?]
	at java.net.PlainSocketImpl.connect(Unknown Source) ~[?:?]
	at java.net.SocksSocketImpl.connect(Unknown Source) ~[?:?]
	at java.net.Socket.connect(Unknown Source) ~[?:?]
	at org.apache.http.conn.ssl.SSLSocketFactory.connectSocket(SSLSocketFactory.java:542) ~[httpclient-4.5.5.jar:4.5.5]
	at org.apache.http.conn.ssl.SSLSocketFactory.connectSocket(SSLSocketFactory.java:414) ~[httpclient-4.5.5.jar:4.5.5]
	at org.apache.http.impl.conn.DefaultClientConnectionOperator.openConnection(DefaultClientConnectionOperator.java:180) ~[httpclient-4.5.5.jar:4.5.5]
	at org.apache.http.impl.conn.ManagedClientConnectionImpl.open(ManagedClientConnectionImpl.java:326) ~[httpclient-4.5.5.jar:4.5.5]
	at org.apache.http.impl.client.DefaultRequestDirector.tryConnect(DefaultRequestDirector.java:610) ~[httpclient-4.5.5.jar:4.5.5]
	at org.apache.http.impl.client.DefaultRequestDirector.execute(DefaultRequestDirector.java:445) ~[httpclient-4.5.5.jar:4.5.5]
	at org.apache.http.impl.client.AbstractHttpClient.doExecute(AbstractHttpClient.java:835) ~[httpclient-4.5.5.jar:4.5.5]
	at org.apache.http.impl.client.CloseableHttpClient.execute(CloseableHttpClient.java:83) ~[httpclient-4.5.5.jar:4.5.5]
	at org.apache.http.impl.client.CloseableHttpClient.execute(CloseableHttpClient.java:56) ~[httpclient-4.5.5.jar:4.5.5]
	at org.jmeterplugins.repository.JARSourceHTTP.execute(JARSourceHTTP.java:499) ~[jmeter-plugins-manager-1.3.jar:?]
	at org.jmeterplugins.repository.JARSourceHTTP.execute(JARSourceHTTP.java:494) ~[jmeter-plugins-manager-1.3.jar:?]
	at org.jmeterplugins.repository.JARSourceHTTP.reportStats(JARSourceHTTP.java:451) ~[jmeter-plugins-manager-1.3.jar:?]
	at org.jmeterplugins.repository.http.StatsReporter.run(StatsReporter.java:24) [jmeter-plugins-manager-1.3.jar:?]
2020-04-12 21:29:00,322 INFO o.a.j.u.JMeterUtils: Setting Locale to zh_CN
2020-04-12 21:29:04,054 INFO o.a.j.g.a.Load: Loading file: D:\jmeterSampleTest\login.jmx
2020-04-12 21:29:04,055 INFO o.a.j.s.FileServer: Set new base='D:\jmeterSampleTest'
2020-04-12 21:29:04,336 INFO o.a.j.s.SaveService: Testplan (JMX) version: 2.2. Testlog (JTL) version: 2.2
2020-04-12 21:29:04,356 INFO o.a.j.s.SaveService: Using SaveService properties version 4.0
2020-04-12 21:29:04,359 INFO o.a.j.s.SaveService: Using SaveService properties file encoding UTF-8
2020-04-12 21:29:04,363 INFO o.a.j.s.SaveService: Loading file: D:\jmeterSampleTest\login.jmx
2020-04-12 21:29:04,780 INFO o.a.j.s.FileServer: Set new base='D:\jmeterSampleTest'
