2020-04-11 17:59:24,620 INFO o.a.j.u.JMeterUtils: Setting Locale to en_EN
2020-04-11 17:59:24,664 INFO o.a.j.JMeter: Loading user properties from: C:\Users\admin\Desktop\Downloads\apache-jmeter-4.0\apache-jmeter-4.0\bin\user.properties
2020-04-11 17:59:24,668 INFO o.a.j.JMeter: Loading system properties from: C:\Users\admin\Desktop\Downloads\apache-jmeter-4.0\apache-jmeter-4.0\bin\system.properties
2020-04-11 17:59:24,684 INFO o.a.j.JMeter: Copyright (c) 1998-2018 The Apache Software Foundation
2020-04-11 17:59:24,685 INFO o.a.j.JMeter: Version 4.0 r1823414
2020-04-11 17:59:24,685 INFO o.a.j.JMeter: java.version=10
2020-04-11 17:59:24,685 INFO o.a.j.JMeter: java.vm.name=Java HotSpot(TM) 64-Bit Server VM
2020-04-11 17:59:24,685 INFO o.a.j.JMeter: os.name=Windows 10
2020-04-11 17:59:24,685 INFO o.a.j.JMeter: os.arch=amd64
2020-04-11 17:59:24,685 INFO o.a.j.JMeter: os.version=10.0
2020-04-11 17:59:24,685 INFO o.a.j.JMeter: file.encoding=GBK
2020-04-11 17:59:24,685 INFO o.a.j.JMeter: Max memory     =1073741824
2020-04-11 17:59:24,685 INFO o.a.j.JMeter: Available Processors =4
2020-04-11 17:59:24,707 INFO o.a.j.JMeter: Default Locale=English (EN)
2020-04-11 17:59:24,707 INFO o.a.j.JMeter: JMeter  Locale=English (EN)
2020-04-11 17:59:24,707 INFO o.a.j.JMeter: JMeterHome=C:\Users\admin\Desktop\Downloads\apache-jmeter-4.0\apache-jmeter-4.0
2020-04-11 17:59:24,708 INFO o.a.j.JMeter: user.dir  =D:\jmeterSampleTest
2020-04-11 17:59:24,708 INFO o.a.j.JMeter: PWD       =D:\jmeterSampleTest
2020-04-11 17:59:24,710 INFO o.a.j.JMeter: IP: 192.168.1.11 Name: DESKTOP-CA86BSJ FullName: DESKTOP-CA86BSJ
2020-04-11 17:59:24,716 INFO o.a.j.s.FileServer: Default base='D:\jmeterSampleTest'
2020-04-11 17:59:24,719 INFO o.a.j.s.FileServer: Set new base='D:\jmeterSampleTest'
2020-04-11 17:59:24,956 INFO o.a.j.s.SaveService: Testplan (JMX) version: 2.2. Testlog (JTL) version: 2.2
2020-04-11 17:59:25,010 INFO o.a.j.s.SaveService: Using SaveService properties version 4.0
2020-04-11 17:59:25,020 INFO o.a.j.s.SaveService: Using SaveService properties file encoding UTF-8
2020-04-11 17:59:25,028 INFO o.a.j.s.SaveService: Loading file: login.jmx
2020-04-11 17:59:25,134 INFO o.a.j.p.h.s.HTTPSamplerBase: Parser for text/html is org.apache.jmeter.protocol.http.parser.LagartoBasedHtmlParser
2020-04-11 17:59:25,134 INFO o.a.j.p.h.s.HTTPSamplerBase: Parser for application/xhtml+xml is org.apache.jmeter.protocol.http.parser.LagartoBasedHtmlParser
2020-04-11 17:59:25,134 INFO o.a.j.p.h.s.HTTPSamplerBase: Parser for application/xml is org.apache.jmeter.protocol.http.parser.LagartoBasedHtmlParser
2020-04-11 17:59:25,134 INFO o.a.j.p.h.s.HTTPSamplerBase: Parser for text/xml is org.apache.jmeter.protocol.http.parser.LagartoBasedHtmlParser
2020-04-11 17:59:25,135 INFO o.a.j.p.h.s.HTTPSamplerBase: Parser for text/vnd.wap.wml is org.apache.jmeter.protocol.http.parser.RegexpHTMLParser
2020-04-11 17:59:25,135 INFO o.a.j.p.h.s.HTTPSamplerBase: Parser for text/css is org.apache.jmeter.protocol.http.parser.CssParser
2020-04-11 17:59:25,172 INFO o.a.j.JMeter: Creating summariser <summary>
2020-04-11 17:59:25,181 INFO o.a.j.e.StandardJMeterEngine: Running the test!
2020-04-11 17:59:25,184 INFO o.a.j.s.SampleEvent: List of sample_variables: []
2020-04-11 17:59:25,185 INFO o.a.j.s.SampleEvent: List of sample_variables: []
2020-04-11 17:59:25,197 INFO o.a.j.e.u.CompoundVariable: Note: Function class names must contain the string: '.functions.'
2020-04-11 17:59:25,197 INFO o.a.j.e.u.CompoundVariable: Note: Function class names must not contain the string: '.gui.'
2020-04-11 17:59:25,949 INFO o.a.j.JMeter: Running test (1586599165949)
2020-04-11 17:59:25,978 INFO o.a.j.e.StandardJMeterEngine: Starting ThreadGroup: 1 : µÇÂ¼
2020-04-11 17:59:25,979 INFO o.a.j.e.StandardJMeterEngine: Starting 1 threads for group µÇÂ¼.
2020-04-11 17:59:25,979 INFO o.a.j.e.StandardJMeterEngine: Thread will continue on error
2020-04-11 17:59:25,979 INFO o.a.j.t.ThreadGroup: Starting thread group... number=1 threads=1 ramp-up=1 perThread=1000.0 delayedStart=false
2020-04-11 17:59:25,988 INFO o.a.j.t.ThreadGroup: Started thread group number 1
2020-04-11 17:59:25,988 INFO o.a.j.e.StandardJMeterEngine: All thread groups have been started
2020-04-11 17:59:26,001 INFO o.a.j.t.JMeterThread: Thread started: µÇÂ¼ 1-1
2020-04-11 17:59:26,038 INFO o.a.j.p.h.s.HTTPHCAbstractImpl: Local host = DESKTOP-CA86BSJ
2020-04-11 17:59:26,045 INFO o.a.j.p.h.s.HTTPHC4Impl: HTTP request retry count = 0
2020-04-11 17:59:26,056 INFO o.a.j.s.SampleResult: Note: Sample TimeStamps are START times
2020-04-11 17:59:26,056 INFO o.a.j.s.SampleResult: sampleresult.default.encoding is set to ISO-8859-1
2020-04-11 17:59:26,057 INFO o.a.j.s.SampleResult: sampleresult.useNanoTime=true
2020-04-11 17:59:26,057 INFO o.a.j.s.SampleResult: sampleresult.nanoThreadSleep=5000
2020-04-11 17:59:26,259 INFO o.a.j.t.JMeterThread: Thread is done: µÇÂ¼ 1-1
2020-04-11 17:59:26,259 INFO o.a.j.t.JMeterThread: Thread finished: µÇÂ¼ 1-1
2020-04-11 17:59:26,261 INFO o.a.j.e.StandardJMeterEngine: Notifying test listeners of end of test
2020-04-11 17:59:26,262 INFO o.a.j.r.Summariser: summary =      1 in 00:00:00 =    3.2/s Avg:   168 Min:   168 Max:   168 Err:     0 (0.00%)
